This file contains any messages produced by compilers while
running configure, to aid debugging if configure makes a mistake.

It was created by PCRE2 configure 10.45, which was
generated by GNU Autoconf 2.71.  Invocation command line was

  $ ./configure --disable-shared --enable-jit

## --------- ##
## Platform. ##
## --------- ##

hostname = devops
uname -m = x86_64
uname -r = 5.15.0-131-generic
uname -s = Linux
uname -v = #141-Ubuntu SMP Fri Jan 10 21:18:28 UTC 2025

/usr/bin/uname -p = x86_64
/bin/uname -X     = unknown

/bin/arch              = x86_64
/usr/bin/arch -k       = unknown
/usr/convex/getsysinfo = unknown
/usr/bin/hostinfo      = unknown
/bin/machine           = unknown
/usr/bin/oslevel       = unknown
/bin/universe          = unknown

PATH: /usr/local/sbin/
PATH: /usr/local/bin/
PATH: /usr/sbin/
PATH: /usr/bin/
PATH: /sbin/
PATH: /bin/
PATH: /usr/games/
PATH: /usr/local/games/
PATH: /snap/bin/


## ----------- ##
## Core tests. ##
## ----------- ##

configure:2681: looking for aux files: config.guess config.sub ltmain.sh ar-lib compile missing install-sh
configure:2694:  trying ./
configure:2723:   ./config.guess found
configure:2723:   ./config.sub found
configure:2723:   ./ltmain.sh found
configure:2723:   ./ar-lib found
configure:2723:   ./compile found
configure:2723:   ./missing found
configure:2705:   ./install-sh found
configure:2853: checking for a BSD-compatible install
configure:2926: result: /usr/bin/install -c
configure:2937: checking whether build environment is sane
configure:2992: result: yes
configure:3151: checking for a race-free mkdir -p
configure:3195: result: /usr/bin/mkdir -p
configure:3202: checking for gawk
configure:3223: found /usr/bin/gawk
configure:3234: result: gawk
configure:3245: checking whether make sets $(MAKE)
configure:3268: result: yes
configure:3298: checking whether make supports nested variables
configure:3316: result: yes
configure:3453: checking whether to enable maintainer-specific portions of Makefiles
configure:3463: result: no
configure:3488: checking whether make supports nested variables
configure:3506: result: yes
configure:3595: checking for gcc
configure:3627: result: cc
configure:3980: checking for C compiler version
configure:3989: cc --version >&5
cc (Ubuntu 11.4.0-1ubuntu1~22.04) 11.4.0
Copyright (C) 2021 Free Software Foundation, Inc.
This is free software; see the source for copying conditions.  There is NO
warranty; not even for MERCHANTABILITY or FITNESS FOR A PARTICULAR PURPOSE.

configure:4000: $? = 0
configure:3989: cc -v >&5
Using built-in specs.
COLLECT_GCC=cc
COLLECT_LTO_WRAPPER=/usr/lib/gcc/x86_64-linux-gnu/11/lto-wrapper
OFFLOAD_TARGET_NAMES=nvptx-none:amdgcn-amdhsa
OFFLOAD_TARGET_DEFAULT=1
Target: x86_64-linux-gnu
Configured with: ../src/configure -v --with-pkgversion='Ubuntu 11.4.0-1ubuntu1~22.04' --with-bugurl=file:///usr/share/doc/gcc-11/README.Bugs --enable-languages=c,ada,c++,go,brig,d,fortran,objc,obj-c++,m2 --prefix=/usr --with-gcc-major-version-only --program-suffix=-11 --program-prefix=x86_64-linux-gnu- --enable-shared --enable-linker-build-id --libexecdir=/usr/lib --without-included-gettext --enable-threads=posix --libdir=/usr/lib --enable-nls --enable-bootstrap --enable-clocale=gnu --enable-libstdcxx-debug --enable-libstdcxx-time=yes --with-default-libstdcxx-abi=new --enable-gnu-unique-object --disable-vtable-verify --enable-plugin --enable-default-pie --with-system-zlib --enable-libphobos-checking=release --with-target-system-zlib=auto --enable-objc-gc=auto --enable-multiarch --disable-werror --enable-cet --with-arch-32=i686 --with-abi=m64 --with-multilib-list=m32,m64,mx32 --enable-multilib --with-tune=generic --enable-offload-targets=nvptx-none=/build/gcc-11-XeT9lY/gcc-11-11.4.0/debian/tmp-nvptx/usr,amdgcn-amdhsa=/build/gcc-11-XeT9lY/gcc-11-11.4.0/debian/tmp-gcn/usr --without-cuda-driver --enable-checking=release --build=x86_64-linux-gnu --host=x86_64-linux-gnu --target=x86_64-linux-gnu --with-build-config=bootstrap-lto-lean --enable-link-serialization=2
Thread model: posix
Supported LTO compression algorithms: zlib zstd
gcc version 11.4.0 (Ubuntu 11.4.0-1ubuntu1~22.04) 
... rest of stderr output deleted ...
configure:4000: $? = 0
configure:3989: cc -V >&5
cc: error: unrecognized command-line option '-V'
cc: fatal error: no input files
compilation terminated.
configure:4000: $? = 1
configure:3989: cc -qversion >&5
cc: error: unrecognized command-line option '-qversion'; did you mean '--version'?
cc: fatal error: no input files
compilation terminated.
configure:4000: $? = 1
configure:3989: cc -version >&5
cc: error: unrecognized command-line option '-version'
cc: fatal error: no input files
compilation terminated.
configure:4000: $? = 1
configure:4020: checking whether the C compiler works
configure:4042: cc -g -pipe   conftest.c  >&5
configure:4046: $? = 0
configure:4096: result: yes
configure:4099: checking for C compiler default output file name
configure:4101: result: a.out
configure:4107: checking for suffix of executables
configure:4114: cc -o conftest -g -pipe   conftest.c  >&5
configure:4118: $? = 0
configure:4141: result: 
configure:4163: checking whether we are cross compiling
configure:4171: cc -o conftest -g -pipe   conftest.c  >&5
configure:4175: $? = 0
configure:4182: ./conftest
configure:4186: $? = 0
configure:4201: result: no
configure:4206: checking for suffix of object files
configure:4229: cc -c -g -pipe  conftest.c >&5
configure:4233: $? = 0
configure:4255: result: o
configure:4259: checking whether the compiler supports GNU C
configure:4279: cc -c -g -pipe  conftest.c >&5
configure:4279: $? = 0
configure:4289: result: yes
configure:4300: checking whether cc accepts -g
configure:4321: cc -c -g  conftest.c >&5
configure:4321: $? = 0
configure:4365: result: yes
configure:4385: checking for cc option to enable C11 features
configure:4400: cc  -c -g -pipe  conftest.c >&5
configure:4400: $? = 0
configure:4418: result: none needed
configure:4534: checking whether cc understands -c and -o together
configure:4557: cc -c conftest.c -o conftest2.o
configure:4560: $? = 0
configure:4557: cc -c conftest.c -o conftest2.o
configure:4560: $? = 0
configure:4572: result: yes
configure:4592: checking whether make supports the include directive
configure:4607: make -f confmf.GNU && cat confinc.out
make[3]: Entering directory '/root/openresty-build/sources/pcre2-10.45'
make[3]: Leaving directory '/root/openresty-build/sources/pcre2-10.45'
this is the am__doit target
configure:4610: $? = 0
configure:4629: result: yes (GNU style)
configure:4655: checking dependency style of cc
configure:4767: result: gcc3
configure:4788: checking for stdio.h
configure:4788: cc -c -g -pipe  conftest.c >&5
configure:4788: $? = 0
configure:4788: result: yes
configure:4788: checking for stdlib.h
configure:4788: cc -c -g -pipe  conftest.c >&5
configure:4788: $? = 0
configure:4788: result: yes
configure:4788: checking for string.h
configure:4788: cc -c -g -pipe  conftest.c >&5
configure:4788: $? = 0
configure:4788: result: yes
configure:4788: checking for inttypes.h
configure:4788: cc -c -g -pipe  conftest.c >&5
configure:4788: $? = 0
configure:4788: result: yes
configure:4788: checking for stdint.h
configure:4788: cc -c -g -pipe  conftest.c >&5
configure:4788: $? = 0
configure:4788: result: yes
configure:4788: checking for strings.h
configure:4788: cc -c -g -pipe  conftest.c >&5
configure:4788: $? = 0
configure:4788: result: yes
configure:4788: checking for sys/stat.h
configure:4788: cc -c -g -pipe  conftest.c >&5
configure:4788: $? = 0
configure:4788: result: yes
configure:4788: checking for sys/types.h
configure:4788: cc -c -g -pipe  conftest.c >&5
configure:4788: $? = 0
configure:4788: result: yes
configure:4788: checking for unistd.h
configure:4788: cc -c -g -pipe  conftest.c >&5
configure:4788: $? = 0
configure:4788: result: yes
configure:4788: checking for wchar.h
configure:4788: cc -c -g -pipe  conftest.c >&5
configure:4788: $? = 0
configure:4788: result: yes
configure:4788: checking for minix/config.h
configure:4788: cc -c -g -pipe  conftest.c >&5
conftest.c:49:10: fatal error: minix/config.h: No such file or directory
   49 | #include <minix/config.h>
      |          ^~~~~~~~~~~~~~~~
compilation terminated.
configure:4788: $? = 1
configure: failed program was:
| /* confdefs.h */
| #define PACKAGE_NAME "PCRE2"
| #define PACKAGE_TARNAME "pcre2"
| #define PACKAGE_VERSION "10.45"
| #define PACKAGE_STRING "PCRE2 10.45"
| #define PACKAGE_BUGREPORT ""
| #define PACKAGE_URL ""
| #define PACKAGE "pcre2"
| #define VERSION "10.45"
| #define HAVE_STDIO_H 1
| #define HAVE_STDLIB_H 1
| #define HAVE_STRING_H 1
| #define HAVE_INTTYPES_H 1
| #define HAVE_STDINT_H 1
| #define HAVE_STRINGS_H 1
| #define HAVE_SYS_STAT_H 1
| #define HAVE_SYS_TYPES_H 1
| #define HAVE_UNISTD_H 1
| #define HAVE_WCHAR_H 1
| /* end confdefs.h.  */
| #include <stddef.h>
| #ifdef HAVE_STDIO_H
| # include <stdio.h>
| #endif
| #ifdef HAVE_STDLIB_H
| # include <stdlib.h>
| #endif
| #ifdef HAVE_STRING_H
| # include <string.h>
| #endif
| #ifdef HAVE_INTTYPES_H
| # include <inttypes.h>
| #endif
| #ifdef HAVE_STDINT_H
| # include <stdint.h>
| #endif
| #ifdef HAVE_STRINGS_H
| # include <strings.h>
| #endif
| #ifdef HAVE_SYS_TYPES_H
| # include <sys/types.h>
| #endif
| #ifdef HAVE_SYS_STAT_H
| # include <sys/stat.h>
| #endif
| #ifdef HAVE_UNISTD_H
| # include <unistd.h>
| #endif
| #include <minix/config.h>
configure:4788: result: no
configure:4819: checking whether it is safe to define __EXTENSIONS__
configure:4838: cc -c -g -pipe  conftest.c >&5
configure:4838: $? = 0
configure:4846: result: yes
configure:4849: checking whether _XOPEN_SOURCE should be defined
configure:4871: cc -c -g -pipe  conftest.c >&5
configure:4871: $? = 0
configure:4898: result: no
configure:5022: checking for ar
configure:5043: found /usr/bin/ar
configure:5054: result: ar
configure:5080: checking the archiver (ar) interface
configure:5097: cc -c -g -pipe  conftest.c >&5
configure:5097: $? = 0
configure:5100: ar cru libconftest.a conftest.o >&5
ar: `u' modifier ignored since `D' is the default (see `U')
configure:5103: $? = 0
configure:5131: result: ar
configure:5153: checking for int64_t
configure:5153: cc -c -g -pipe  conftest.c >&5
configure:5153: $? = 0
configure:5153: cc -c -g -pipe  conftest.c >&5
conftest.c: In function 'main':
conftest.c:71:67: warning: integer overflow in expression of type 'long int' results in '-9223372036854775808' [-Woverflow]
   71 |                  < (int64_t) (((((int64_t) 1 << N) << N) - 1) * 2 + 2))];
      |                                                                   ^
conftest.c:70:12: error: storage size of 'test_array' isn't constant
   70 | static int test_array [1 - 2 * !((int64_t) (((((int64_t) 1 << N) << N) - 1) * 2 + 1)
      |            ^~~~~~~~~~
configure:5153: $? = 1
configure: failed program was:
| /* confdefs.h */
| #define PACKAGE_NAME "PCRE2"
| #define PACKAGE_TARNAME "pcre2"
| #define PACKAGE_VERSION "10.45"
| #define PACKAGE_STRING "PCRE2 10.45"
| #define PACKAGE_BUGREPORT ""
| #define PACKAGE_URL ""
| #define PACKAGE "pcre2"
| #define VERSION "10.45"
| #define HAVE_STDIO_H 1
| #define HAVE_STDLIB_H 1
| #define HAVE_STRING_H 1
| #define HAVE_INTTYPES_H 1
| #define HAVE_STDINT_H 1
| #define HAVE_STRINGS_H 1
| #define HAVE_SYS_STAT_H 1
| #define HAVE_SYS_TYPES_H 1
| #define HAVE_UNISTD_H 1
| #define HAVE_WCHAR_H 1
| #define STDC_HEADERS 1
| #define _ALL_SOURCE 1
| #define _DARWIN_C_SOURCE 1
| #define _GNU_SOURCE 1
| #define _HPUX_ALT_XOPEN_SOCKET_API 1
| #define _NETBSD_SOURCE 1
| #define _OPENBSD_SOURCE 1
| #define _POSIX_PTHREAD_SEMANTICS 1
| #define __STDC_WANT_IEC_60559_ATTRIBS_EXT__ 1
| #define __STDC_WANT_IEC_60559_BFP_EXT__ 1
| #define __STDC_WANT_IEC_60559_DFP_EXT__ 1
| #define __STDC_WANT_IEC_60559_FUNCS_EXT__ 1
| #define __STDC_WANT_IEC_60559_TYPES_EXT__ 1
| #define __STDC_WANT_LIB_EXT2__ 1
| #define __STDC_WANT_MATH_SPEC_FUNCS__ 1
| #define _TANDEM_SOURCE 1
| #define __EXTENSIONS__ 1
| /* end confdefs.h.  */
| #include <stddef.h>
| #ifdef HAVE_STDIO_H
| # include <stdio.h>
| #endif
| #ifdef HAVE_STDLIB_H
| # include <stdlib.h>
| #endif
| #ifdef HAVE_STRING_H
| # include <string.h>
| #endif
| #ifdef HAVE_INTTYPES_H
| # include <inttypes.h>
| #endif
| #ifdef HAVE_STDINT_H
| # include <stdint.h>
| #endif
| #ifdef HAVE_STRINGS_H
| # include <strings.h>
| #endif
| #ifdef HAVE_SYS_TYPES_H
| # include <sys/types.h>
| #endif
| #ifdef HAVE_SYS_STAT_H
| # include <sys/stat.h>
| #endif
| #ifdef HAVE_UNISTD_H
| # include <unistd.h>
| #endif
| 	        enum { N = 64 / 2 - 1 };
| int
| main (void)
| {
| static int test_array [1 - 2 * !((int64_t) (((((int64_t) 1 << N) << N) - 1) * 2 + 1)
| 		 < (int64_t) (((((int64_t) 1 << N) << N) - 1) * 2 + 2))];
| test_array [0] = 0;
| return test_array [0];
| 
|   ;
|   return 0;
| }
configure:5153: result: yes
configure:5196: checking build system type
configure:5211: result: x86_64-pc-linux-gnu
configure:5231: checking host system type
configure:5245: result: x86_64-pc-linux-gnu
configure:5286: checking how to print strings
configure:5313: result: printf
configure:5334: checking for a sed that does not truncate output
configure:5404: result: /usr/bin/sed
configure:5422: checking for grep that handles long lines and -e
configure:5486: result: /usr/bin/grep
configure:5491: checking for egrep
configure:5559: result: /usr/bin/grep -E
configure:5564: checking for fgrep
configure:5632: result: /usr/bin/grep -F
configure:5668: checking for ld used by cc
configure:5736: result: /usr/bin/ld
configure:5743: checking if the linker (/usr/bin/ld) is GNU ld
configure:5759: result: yes
configure:5771: checking for BSD- or MS-compatible name lister (nm)
configure:5826: result: /usr/bin/nm -B
configure:5966: checking the name lister (/usr/bin/nm -B) interface
configure:5974: cc -c -g -pipe  conftest.c >&5
configure:5977: /usr/bin/nm -B "conftest.o"
configure:5980: output
0000000000000000 B some_variable
configure:5987: result: BSD nm
configure:5990: checking whether ln -s works
configure:5994: result: yes
configure:6002: checking the maximum length of command line arguments
configure:6134: result: 1572864
configure:6182: checking how to convert x86_64-pc-linux-gnu file names to x86_64-pc-linux-gnu format
configure:6223: result: func_convert_file_noop
configure:6230: checking how to convert x86_64-pc-linux-gnu file names to toolchain format
configure:6251: result: func_convert_file_noop
configure:6258: checking for /usr/bin/ld option to reload object files
configure:6266: result: -r
configure:6345: checking for file
configure:6380: result: no
configure:6453: checking for objdump
configure:6474: found /usr/bin/objdump
configure:6485: result: objdump
configure:6514: checking how to recognize dependent libraries
configure:6715: result: pass_all
configure:6805: checking for dlltool
configure:6840: result: no
configure:6867: checking how to associate runtime and link libraries
configure:6895: result: printf %s\n
configure:7045: checking for archiver @FILE support
configure:7063: cc -c -g -pipe  conftest.c >&5
configure:7063: $? = 0
configure:7067: ar cr libconftest.a @conftest.lst >&5
configure:7070: $? = 0
configure:7075: ar cr libconftest.a @conftest.lst >&5
ar: conftest.o: No such file or directory
configure:7078: $? = 1
configure:7090: result: @
configure:7153: checking for strip
configure:7174: found /usr/bin/strip
configure:7185: result: strip
configure:7262: checking for ranlib
configure:7283: found /usr/bin/ranlib
configure:7294: result: ranlib
configure:7396: checking command to parse /usr/bin/nm -B output from cc object
configure:7550: cc -c -g -pipe  conftest.c >&5
configure:7553: $? = 0
configure:7557: /usr/bin/nm -B conftest.o | /usr/bin/sed -n -e 's/^.*[	 ]\([ABCDGIRSTW][ABCDGIRSTW]*\)[	 ][	 ]*\([_A-Za-z][_A-Za-z0-9]*\)$/\1 \2 \2/p' | /usr/bin/sed '/ __gnu_lto/d' > conftest.nm
configure:7623: cc -o conftest -g -pipe   conftest.c conftstm.o >&5
configure:7626: $? = 0
configure:7664: result: ok
configure:7711: checking for sysroot
configure:7742: result: no
configure:7749: checking for a working dd
configure:7793: result: /usr/bin/dd
configure:7797: checking how to truncate binary pipes
configure:7813: result: /usr/bin/dd bs=4096 count=1
configure:7950: cc -c -g -pipe  conftest.c >&5
configure:7953: $? = 0
configure:8150: checking for mt
configure:8171: found /usr/bin/mt
configure:8182: result: mt
configure:8205: checking if mt is a manifest tool
configure:8212: mt '-?'
configure:8220: result: no
configure:8941: checking for dlfcn.h
configure:8941: cc -c -g -pipe  conftest.c >&5
configure:8941: $? = 0
configure:8941: result: yes
configure:9528: checking for objdir
configure:9544: result: .libs
configure:9808: checking if cc supports -fno-rtti -fno-exceptions
configure:9827: cc -c -g -pipe  -fno-rtti -fno-exceptions conftest.c >&5
cc1: warning: command-line option '-fno-rtti' is valid for C++/D/ObjC++ but not for C
configure:9831: $? = 0
configure:9844: result: no
configure:10208: checking for cc option to produce PIC
configure:10216: result: -fPIC -DPIC
configure:10224: checking if cc PIC flag -fPIC -DPIC works
configure:10243: cc -c -g -pipe  -fPIC -DPIC -DPIC conftest.c >&5
configure:10247: $? = 0
configure:10260: result: yes
configure:10289: checking if cc static flag -static works
configure:10318: result: yes
configure:10333: checking if cc supports -c -o file.o
configure:10355: cc -c -g -pipe  -o out/conftest2.o conftest.c >&5
configure:10359: $? = 0
configure:10381: result: yes
configure:10389: checking if cc supports -c -o file.o
configure:10437: result: yes
configure:10470: checking whether the cc linker (/usr/bin/ld) supports shared libraries
configure:11744: result: yes
configure:11985: checking dynamic linker characteristics
configure:12567: cc -o conftest -g -pipe   -Wl,-rpath -Wl,/foo conftest.c  >&5
configure:12567: $? = 0
configure:12818: result: GNU/Linux ld.so
configure:12940: checking how to hardcode library paths into programs
configure:12965: result: immediate
configure:13517: checking whether stripping libraries is possible
configure:13526: result: yes
configure:13568: checking if libtool supports shared libraries
configure:13570: result: yes
configure:13573: checking whether to build shared libraries
configure:13598: result: no
configure:13601: checking whether to build static libraries
configure:13605: result: yes
configure:13642: checking whether ln -s works
configure:13646: result: yes
configure:13662: checking for special C compiler options needed for large files
configure:13710: result: no
configure:13716: checking for _FILE_OFFSET_BITS value needed for large files
configure:13742: cc -c -g -pipe  conftest.c >&5
configure:13742: $? = 0
configure:13776: result: no
configure:13865: checking whether the -Werror option is usable
configure:13886: cc -c -g -pipe -Werror  conftest.c >&5
configure:13886: $? = 0
configure:13900: cc -c -g -pipe -Werror  conftest.c >&5
conftest.c: In function 'main':
conftest.c:44:3: error: #warning e [-Werror=cpp]
   44 |  #warning e
      |   ^~~~~~~
cc1: all warnings being treated as errors
configure:13900: $? = 1
configure: failed program was:
| /* confdefs.h */
| #define PACKAGE_NAME "PCRE2"
| #define PACKAGE_TARNAME "pcre2"
| #define PACKAGE_VERSION "10.45"
| #define PACKAGE_STRING "PCRE2 10.45"
| #define PACKAGE_BUGREPORT ""
| #define PACKAGE_URL ""
| #define PACKAGE "pcre2"
| #define VERSION "10.45"
| #define HAVE_STDIO_H 1
| #define HAVE_STDLIB_H 1
| #define HAVE_STRING_H 1
| #define HAVE_INTTYPES_H 1
| #define HAVE_STDINT_H 1
| #define HAVE_STRINGS_H 1
| #define HAVE_SYS_STAT_H 1
| #define HAVE_SYS_TYPES_H 1
| #define HAVE_UNISTD_H 1
| #define HAVE_WCHAR_H 1
| #define STDC_HEADERS 1
| #define _ALL_SOURCE 1
| #define _DARWIN_C_SOURCE 1
| #define _GNU_SOURCE 1
| #define _HPUX_ALT_XOPEN_SOCKET_API 1
| #define _NETBSD_SOURCE 1
| #define _OPENBSD_SOURCE 1
| #define _POSIX_PTHREAD_SEMANTICS 1
| #define __STDC_WANT_IEC_60559_ATTRIBS_EXT__ 1
| #define __STDC_WANT_IEC_60559_BFP_EXT__ 1
| #define __STDC_WANT_IEC_60559_DFP_EXT__ 1
| #define __STDC_WANT_IEC_60559_FUNCS_EXT__ 1
| #define __STDC_WANT_IEC_60559_TYPES_EXT__ 1
| #define __STDC_WANT_LIB_EXT2__ 1
| #define __STDC_WANT_MATH_SPEC_FUNCS__ 1
| #define _TANDEM_SOURCE 1
| #define __EXTENSIONS__ 1
| #define HAVE_DLFCN_H 1
| #define LT_OBJDIR ".libs/"
| /* end confdefs.h.  */
| 
| int
| main (void)
| {
|  #warning e
|   ;
|   return 0;
| }
configure:13914: result: yes
configure:13923: checking for GCC compatible visibility declarations
configure:13946: cc -c -g -pipe -Werror -fvisibility=hidden  conftest.c >&5
configure:13946: $? = 0
configure:13956: result: yes
configure:13980: checking for __attribute__((uninitialized))
configure:14003: cc -c -g -pipe -Werror  conftest.c >&5
conftest.c: In function 'main':
conftest.c:46:1: error: 'uninitialized' attribute directive ignored [-Werror=attributes]
   46 | char buf[128] __attribute__((uninitialized));(void)buf
      | ^~~~
cc1: all warnings being treated as errors
configure:14003: $? = 1
configure: failed program was:
| /* confdefs.h */
| #define PACKAGE_NAME "PCRE2"
| #define PACKAGE_TARNAME "pcre2"
| #define PACKAGE_VERSION "10.45"
| #define PACKAGE_STRING "PCRE2 10.45"
| #define PACKAGE_BUGREPORT ""
| #define PACKAGE_URL ""
| #define PACKAGE "pcre2"
| #define VERSION "10.45"
| #define HAVE_STDIO_H 1
| #define HAVE_STDLIB_H 1
| #define HAVE_STRING_H 1
| #define HAVE_INTTYPES_H 1
| #define HAVE_STDINT_H 1
| #define HAVE_STRINGS_H 1
| #define HAVE_SYS_STAT_H 1
| #define HAVE_SYS_TYPES_H 1
| #define HAVE_UNISTD_H 1
| #define HAVE_WCHAR_H 1
| #define STDC_HEADERS 1
| #define _ALL_SOURCE 1
| #define _DARWIN_C_SOURCE 1
| #define _GNU_SOURCE 1
| #define _HPUX_ALT_XOPEN_SOCKET_API 1
| #define _NETBSD_SOURCE 1
| #define _OPENBSD_SOURCE 1
| #define _POSIX_PTHREAD_SEMANTICS 1
| #define __STDC_WANT_IEC_60559_ATTRIBS_EXT__ 1
| #define __STDC_WANT_IEC_60559_BFP_EXT__ 1
| #define __STDC_WANT_IEC_60559_DFP_EXT__ 1
| #define __STDC_WANT_IEC_60559_FUNCS_EXT__ 1
| #define __STDC_WANT_IEC_60559_TYPES_EXT__ 1
| #define __STDC_WANT_LIB_EXT2__ 1
| #define __STDC_WANT_MATH_SPEC_FUNCS__ 1
| #define _TANDEM_SOURCE 1
| #define __EXTENSIONS__ 1
| #define HAVE_DLFCN_H 1
| #define LT_OBJDIR ".libs/"
| #define PCRE2_EXPORT __attribute__ ((visibility ("default")))
| #define HAVE_VISIBILITY 1
| /* end confdefs.h.  */
| 
| int
| main (void)
| {
| char buf[128] __attribute__((uninitialized));(void)buf
|   ;
|   return 0;
| }
configure:14010: result: no
configure:14027: checking for __assume()
configure:14046: cc -o conftest -g -pipe   conftest.c  >&5
conftest.c: In function 'main':
conftest.c:46:1: warning: implicit declaration of function '__assume' [-Wimplicit-function-declaration]
   46 | __assume(1)
      | ^~~~~~~~
/usr/bin/ld: /tmp/ccp6jCzp.o: in function `main':
/root/openresty-build/sources/pcre2-10.45/conftest.c:46: undefined reference to `__assume'
collect2: error: ld returned 1 exit status
configure:14046: $? = 1
configure: failed program was:
| /* confdefs.h */
| #define PACKAGE_NAME "PCRE2"
| #define PACKAGE_TARNAME "pcre2"
| #define PACKAGE_VERSION "10.45"
| #define PACKAGE_STRING "PCRE2 10.45"
| #define PACKAGE_BUGREPORT ""
| #define PACKAGE_URL ""
| #define PACKAGE "pcre2"
| #define VERSION "10.45"
| #define HAVE_STDIO_H 1
| #define HAVE_STDLIB_H 1
| #define HAVE_STRING_H 1
| #define HAVE_INTTYPES_H 1
| #define HAVE_STDINT_H 1
| #define HAVE_STRINGS_H 1
| #define HAVE_SYS_STAT_H 1
| #define HAVE_SYS_TYPES_H 1
| #define HAVE_UNISTD_H 1
| #define HAVE_WCHAR_H 1
| #define STDC_HEADERS 1
| #define _ALL_SOURCE 1
| #define _DARWIN_C_SOURCE 1
| #define _GNU_SOURCE 1
| #define _HPUX_ALT_XOPEN_SOCKET_API 1
| #define _NETBSD_SOURCE 1
| #define _OPENBSD_SOURCE 1
| #define _POSIX_PTHREAD_SEMANTICS 1
| #define __STDC_WANT_IEC_60559_ATTRIBS_EXT__ 1
| #define __STDC_WANT_IEC_60559_BFP_EXT__ 1
| #define __STDC_WANT_IEC_60559_DFP_EXT__ 1
| #define __STDC_WANT_IEC_60559_FUNCS_EXT__ 1
| #define __STDC_WANT_IEC_60559_TYPES_EXT__ 1
| #define __STDC_WANT_LIB_EXT2__ 1
| #define __STDC_WANT_MATH_SPEC_FUNCS__ 1
| #define _TANDEM_SOURCE 1
| #define __EXTENSIONS__ 1
| #define HAVE_DLFCN_H 1
| #define LT_OBJDIR ".libs/"
| #define PCRE2_EXPORT __attribute__ ((visibility ("default")))
| #define HAVE_VISIBILITY 1
| /* end confdefs.h.  */
| 
| int
| main (void)
| {
| __assume(1)
|   ;
|   return 0;
| }
configure:14054: result: no
configure:14070: checking for __builtin_mul_overflow()
configure:14097: cc -o conftest -g -pipe   conftest.c  >&5
configure:14097: $? = 0
configure:14105: result: yes
configure:14121: checking for __builtin_unreachable()
configure:14140: cc -o conftest -g -pipe   conftest.c  >&5
configure:14140: $? = 0
configure:14148: result: yes
configure:14741: checking for assert.h
configure:14741: cc -c -g -pipe  conftest.c >&5
configure:14741: $? = 0
configure:14741: result: yes
configure:14747: checking for limits.h
configure:14747: cc -c -g -pipe  conftest.c >&5
configure:14747: $? = 0
configure:14747: result: yes
configure:14753: checking for sys/types.h
configure:14753: result: yes
configure:14759: checking for sys/stat.h
configure:14759: result: yes
configure:14765: checking for dirent.h
configure:14765: cc -c -g -pipe  conftest.c >&5
configure:14765: $? = 0
configure:14765: result: yes
configure:14774: checking for windows.h
configure:14774: cc -c -g -pipe  conftest.c >&5
conftest.c:77:10: fatal error: windows.h: No such file or directory
   77 | #include <windows.h>
      |          ^~~~~~~~~~~
compilation terminated.
configure:14774: $? = 1
configure: failed program was:
| /* confdefs.h */
| #define PACKAGE_NAME "PCRE2"
| #define PACKAGE_TARNAME "pcre2"
| #define PACKAGE_VERSION "10.45"
| #define PACKAGE_STRING "PCRE2 10.45"
| #define PACKAGE_BUGREPORT ""
| #define PACKAGE_URL ""
| #define PACKAGE "pcre2"
| #define VERSION "10.45"
| #define HAVE_STDIO_H 1
| #define HAVE_STDLIB_H 1
| #define HAVE_STRING_H 1
| #define HAVE_INTTYPES_H 1
| #define HAVE_STDINT_H 1
| #define HAVE_STRINGS_H 1
| #define HAVE_SYS_STAT_H 1
| #define HAVE_SYS_TYPES_H 1
| #define HAVE_UNISTD_H 1
| #define HAVE_WCHAR_H 1
| #define STDC_HEADERS 1
| #define _ALL_SOURCE 1
| #define _DARWIN_C_SOURCE 1
| #define _GNU_SOURCE 1
| #define _HPUX_ALT_XOPEN_SOCKET_API 1
| #define _NETBSD_SOURCE 1
| #define _OPENBSD_SOURCE 1
| #define _POSIX_PTHREAD_SEMANTICS 1
| #define __STDC_WANT_IEC_60559_ATTRIBS_EXT__ 1
| #define __STDC_WANT_IEC_60559_BFP_EXT__ 1
| #define __STDC_WANT_IEC_60559_DFP_EXT__ 1
| #define __STDC_WANT_IEC_60559_FUNCS_EXT__ 1
| #define __STDC_WANT_IEC_60559_TYPES_EXT__ 1
| #define __STDC_WANT_LIB_EXT2__ 1
| #define __STDC_WANT_MATH_SPEC_FUNCS__ 1
| #define _TANDEM_SOURCE 1
| #define __EXTENSIONS__ 1
| #define HAVE_DLFCN_H 1
| #define LT_OBJDIR ".libs/"
| #define PCRE2_EXPORT __attribute__ ((visibility ("default")))
| #define HAVE_VISIBILITY 1
| #define HAVE_BUILTIN_MUL_OVERFLOW 1
| #define HAVE_BUILTIN_UNREACHABLE 1
| #define HAVE_ASSERT_H 1
| #define HAVE_LIMITS_H 1
| #define HAVE_SYS_TYPES_H 1
| #define HAVE_SYS_STAT_H 1
| #define HAVE_DIRENT_H 1
| /* end confdefs.h.  */
| #include <stddef.h>
| #ifdef HAVE_STDIO_H
| # include <stdio.h>
| #endif
| #ifdef HAVE_STDLIB_H
| # include <stdlib.h>
| #endif
| #ifdef HAVE_STRING_H
| # include <string.h>
| #endif
| #ifdef HAVE_INTTYPES_H
| # include <inttypes.h>
| #endif
| #ifdef HAVE_STDINT_H
| # include <stdint.h>
| #endif
| #ifdef HAVE_STRINGS_H
| # include <strings.h>
| #endif
| #ifdef HAVE_SYS_TYPES_H
| # include <sys/types.h>
| #endif
| #ifdef HAVE_SYS_STAT_H
| # include <sys/stat.h>
| #endif
| #ifdef HAVE_UNISTD_H
| # include <unistd.h>
| #endif
| #include <windows.h>
configure:14774: result: no
configure:14784: checking for sys/wait.h
configure:14784: cc -c -g -pipe  conftest.c >&5
configure:14784: $? = 0
configure:14784: result: yes
configure:14888: checking for an ANSI C-conforming const
configure:14955: cc -c -g -pipe  conftest.c >&5
configure:14955: $? = 0
configure:14963: result: yes
configure:14971: checking for size_t
configure:14971: cc -c -g -pipe  conftest.c >&5
configure:14971: $? = 0
configure:14971: cc -c -g -pipe  conftest.c >&5
conftest.c: In function 'main':
conftest.c:81:21: error: expected expression before ')' token
   81 | if (sizeof ((size_t)))
      |                     ^
configure:14971: $? = 1
configure: failed program was:
| /* confdefs.h */
| #define PACKAGE_NAME "PCRE2"
| #define PACKAGE_TARNAME "pcre2"
| #define PACKAGE_VERSION "10.45"
| #define PACKAGE_STRING "PCRE2 10.45"
| #define PACKAGE_BUGREPORT ""
| #define PACKAGE_URL ""
| #define PACKAGE "pcre2"
| #define VERSION "10.45"
| #define HAVE_STDIO_H 1
| #define HAVE_STDLIB_H 1
| #define HAVE_STRING_H 1
| #define HAVE_INTTYPES_H 1
| #define HAVE_STDINT_H 1
| #define HAVE_STRINGS_H 1
| #define HAVE_SYS_STAT_H 1
| #define HAVE_SYS_TYPES_H 1
| #define HAVE_UNISTD_H 1
| #define HAVE_WCHAR_H 1
| #define STDC_HEADERS 1
| #define _ALL_SOURCE 1
| #define _DARWIN_C_SOURCE 1
| #define _GNU_SOURCE 1
| #define _HPUX_ALT_XOPEN_SOCKET_API 1
| #define _NETBSD_SOURCE 1
| #define _OPENBSD_SOURCE 1
| #define _POSIX_PTHREAD_SEMANTICS 1
| #define __STDC_WANT_IEC_60559_ATTRIBS_EXT__ 1
| #define __STDC_WANT_IEC_60559_BFP_EXT__ 1
| #define __STDC_WANT_IEC_60559_DFP_EXT__ 1
| #define __STDC_WANT_IEC_60559_FUNCS_EXT__ 1
| #define __STDC_WANT_IEC_60559_TYPES_EXT__ 1
| #define __STDC_WANT_LIB_EXT2__ 1
| #define __STDC_WANT_MATH_SPEC_FUNCS__ 1
| #define _TANDEM_SOURCE 1
| #define __EXTENSIONS__ 1
| #define HAVE_DLFCN_H 1
| #define LT_OBJDIR ".libs/"
| #define PCRE2_EXPORT __attribute__ ((visibility ("default")))
| #define HAVE_VISIBILITY 1
| #define HAVE_BUILTIN_MUL_OVERFLOW 1
| #define HAVE_BUILTIN_UNREACHABLE 1
| #define HAVE_ASSERT_H 1
| #define HAVE_LIMITS_H 1
| #define HAVE_SYS_TYPES_H 1
| #define HAVE_SYS_STAT_H 1
| #define HAVE_DIRENT_H 1
| #define HAVE_SYS_WAIT_H 1
| /* end confdefs.h.  */
| #include <stddef.h>
| #ifdef HAVE_STDIO_H
| # include <stdio.h>
| #endif
| #ifdef HAVE_STDLIB_H
| # include <stdlib.h>
| #endif
| #ifdef HAVE_STRING_H
| # include <string.h>
| #endif
| #ifdef HAVE_INTTYPES_H
| # include <inttypes.h>
| #endif
| #ifdef HAVE_STDINT_H
| # include <stdint.h>
| #endif
| #ifdef HAVE_STRINGS_H
| # include <strings.h>
| #endif
| #ifdef HAVE_SYS_TYPES_H
| # include <sys/types.h>
| #endif
| #ifdef HAVE_SYS_STAT_H
| # include <sys/stat.h>
| #endif
| #ifdef HAVE_UNISTD_H
| # include <unistd.h>
| #endif
| int
| main (void)
| {
| if (sizeof ((size_t)))
| 	    return 0;
|   ;
|   return 0;
| }
configure:14971: result: yes
configure:14984: checking for bcopy
configure:14984: cc -o conftest -g -pipe   conftest.c  >&5
conftest.c:66:6: warning: conflicting types for built-in function 'bcopy'; expected 'void(const void *, void *, long unsigned int)' [-Wbuiltin-declaration-mismatch]
   66 | char bcopy ();
      |      ^~~~~
configure:14984: $? = 0
configure:14984: result: yes
configure:14990: checking for memfd_create
configure:14990: cc -o conftest -g -pipe   conftest.c  >&5
configure:14990: $? = 0
configure:14990: result: yes
configure:14996: checking for memmove
configure:14996: cc -o conftest -g -pipe   conftest.c  >&5
conftest.c:68:6: warning: conflicting types for built-in function 'memmove'; expected 'void *(void *, const void *, long unsigned int)' [-Wbuiltin-declaration-mismatch]
   68 | char memmove ();
      |      ^~~~~~~
conftest.c:60:1: note: 'memmove' is declared in header '<string.h>'
   59 | #include <limits.h>
   60 | #undef memmove
configure:14996: $? = 0
configure:14996: result: yes
configure:15002: checking for mkostemp
configure:15002: cc -o conftest -g -pipe   conftest.c  >&5
configure:15002: $? = 0
configure:15002: result: yes
configure:15008: checking for secure_getenv
configure:15008: cc -o conftest -g -pipe   conftest.c  >&5
configure:15008: $? = 0
configure:15008: result: yes
configure:15014: checking for strerror
configure:15014: cc -o conftest -g -pipe   conftest.c  >&5
configure:15014: $? = 0
configure:15014: result: yes
configure:15021: checking for realpath
configure:15040: cc -o conftest -g -pipe   conftest.c  >&5
configure:15040: $? = 0
configure:15042: result: yes
configure:15059: checking for zlib.h
configure:15059: cc -c -g -pipe  conftest.c >&5
configure:15059: $? = 0
configure:15059: result: yes
configure:15067: checking for gzopen in -lz
configure:15090: cc -o conftest -g -pipe   conftest.c -lz   >&5
configure:15090: $? = 0
configure:15100: result: yes
configure:15126: checking for bzlib.h
configure:15126: cc -c -g -pipe  conftest.c >&5
conftest.c:86:10: fatal error: bzlib.h: No such file or directory
   86 | #include <bzlib.h>
      |          ^~~~~~~~~
compilation terminated.
configure:15126: $? = 1
configure: failed program was:
| /* confdefs.h */
| #define PACKAGE_NAME "PCRE2"
| #define PACKAGE_TARNAME "pcre2"
| #define PACKAGE_VERSION "10.45"
| #define PACKAGE_STRING "PCRE2 10.45"
| #define PACKAGE_BUGREPORT ""
| #define PACKAGE_URL ""
| #define PACKAGE "pcre2"
| #define VERSION "10.45"
| #define HAVE_STDIO_H 1
| #define HAVE_STDLIB_H 1
| #define HAVE_STRING_H 1
| #define HAVE_INTTYPES_H 1
| #define HAVE_STDINT_H 1
| #define HAVE_STRINGS_H 1
| #define HAVE_SYS_STAT_H 1
| #define HAVE_SYS_TYPES_H 1
| #define HAVE_UNISTD_H 1
| #define HAVE_WCHAR_H 1
| #define STDC_HEADERS 1
| #define _ALL_SOURCE 1
| #define _DARWIN_C_SOURCE 1
| #define _GNU_SOURCE 1
| #define _HPUX_ALT_XOPEN_SOCKET_API 1
| #define _NETBSD_SOURCE 1
| #define _OPENBSD_SOURCE 1
| #define _POSIX_PTHREAD_SEMANTICS 1
| #define __STDC_WANT_IEC_60559_ATTRIBS_EXT__ 1
| #define __STDC_WANT_IEC_60559_BFP_EXT__ 1
| #define __STDC_WANT_IEC_60559_DFP_EXT__ 1
| #define __STDC_WANT_IEC_60559_FUNCS_EXT__ 1
| #define __STDC_WANT_IEC_60559_TYPES_EXT__ 1
| #define __STDC_WANT_LIB_EXT2__ 1
| #define __STDC_WANT_MATH_SPEC_FUNCS__ 1
| #define _TANDEM_SOURCE 1
| #define __EXTENSIONS__ 1
| #define HAVE_DLFCN_H 1
| #define LT_OBJDIR ".libs/"
| #define PCRE2_EXPORT __attribute__ ((visibility ("default")))
| #define HAVE_VISIBILITY 1
| #define HAVE_BUILTIN_MUL_OVERFLOW 1
| #define HAVE_BUILTIN_UNREACHABLE 1
| #define HAVE_ASSERT_H 1
| #define HAVE_LIMITS_H 1
| #define HAVE_SYS_TYPES_H 1
| #define HAVE_SYS_STAT_H 1
| #define HAVE_DIRENT_H 1
| #define HAVE_SYS_WAIT_H 1
| #define HAVE_BCOPY 1
| #define HAVE_MEMFD_CREATE 1
| #define HAVE_MEMMOVE 1
| #define HAVE_MKOSTEMP 1
| #define HAVE_SECURE_GETENV 1
| #define HAVE_STRERROR 1
| #define HAVE_REALPATH 1
| #define HAVE_ZLIB_H 1
| /* end confdefs.h.  */
| #include <stddef.h>
| #ifdef HAVE_STDIO_H
| # include <stdio.h>
| #endif
| #ifdef HAVE_STDLIB_H
| # include <stdlib.h>
| #endif
| #ifdef HAVE_STRING_H
| # include <string.h>
| #endif
| #ifdef HAVE_INTTYPES_H
| # include <inttypes.h>
| #endif
| #ifdef HAVE_STDINT_H
| # include <stdint.h>
| #endif
| #ifdef HAVE_STRINGS_H
| # include <strings.h>
| #endif
| #ifdef HAVE_SYS_TYPES_H
| # include <sys/types.h>
| #endif
| #ifdef HAVE_SYS_STAT_H
| # include <sys/stat.h>
| #endif
| #ifdef HAVE_UNISTD_H
| # include <unistd.h>
| #endif
| #include <bzlib.h>
configure:15126: result: no
configure:15139: checking for libbz2
configure:15157: cc -o conftest -g -pipe   conftest.c  -lbz2 >&5
conftest.c: In function 'main':
conftest.c:65:13: warning: implicit declaration of function 'BZ2_bzopen' [-Wimplicit-function-declaration]
   65 | return (int)BZ2_bzopen("conftest", "rb");
      |             ^~~~~~~~~~
/usr/bin/ld: cannot find -lbz2: No such file or directory
collect2: error: ld returned 1 exit status
configure:15157: $? = 1
configure: failed program was:
| /* confdefs.h */
| #define PACKAGE_NAME "PCRE2"
| #define PACKAGE_TARNAME "pcre2"
| #define PACKAGE_VERSION "10.45"
| #define PACKAGE_STRING "PCRE2 10.45"
| #define PACKAGE_BUGREPORT ""
| #define PACKAGE_URL ""
| #define PACKAGE "pcre2"
| #define VERSION "10.45"
| #define HAVE_STDIO_H 1
| #define HAVE_STDLIB_H 1
| #define HAVE_STRING_H 1
| #define HAVE_INTTYPES_H 1
| #define HAVE_STDINT_H 1
| #define HAVE_STRINGS_H 1
| #define HAVE_SYS_STAT_H 1
| #define HAVE_SYS_TYPES_H 1
| #define HAVE_UNISTD_H 1
| #define HAVE_WCHAR_H 1
| #define STDC_HEADERS 1
| #define _ALL_SOURCE 1
| #define _DARWIN_C_SOURCE 1
| #define _GNU_SOURCE 1
| #define _HPUX_ALT_XOPEN_SOCKET_API 1
| #define _NETBSD_SOURCE 1
| #define _OPENBSD_SOURCE 1
| #define _POSIX_PTHREAD_SEMANTICS 1
| #define __STDC_WANT_IEC_60559_ATTRIBS_EXT__ 1
| #define __STDC_WANT_IEC_60559_BFP_EXT__ 1
| #define __STDC_WANT_IEC_60559_DFP_EXT__ 1
| #define __STDC_WANT_IEC_60559_FUNCS_EXT__ 1
| #define __STDC_WANT_IEC_60559_TYPES_EXT__ 1
| #define __STDC_WANT_LIB_EXT2__ 1
| #define __STDC_WANT_MATH_SPEC_FUNCS__ 1
| #define _TANDEM_SOURCE 1
| #define __EXTENSIONS__ 1
| #define HAVE_DLFCN_H 1
| #define LT_OBJDIR ".libs/"
| #define PCRE2_EXPORT __attribute__ ((visibility ("default")))
| #define HAVE_VISIBILITY 1
| #define HAVE_BUILTIN_MUL_OVERFLOW 1
| #define HAVE_BUILTIN_UNREACHABLE 1
| #define HAVE_ASSERT_H 1
| #define HAVE_LIMITS_H 1
| #define HAVE_SYS_TYPES_H 1
| #define HAVE_SYS_STAT_H 1
| #define HAVE_DIRENT_H 1
| #define HAVE_SYS_WAIT_H 1
| #define HAVE_BCOPY 1
| #define HAVE_MEMFD_CREATE 1
| #define HAVE_MEMMOVE 1
| #define HAVE_MKOSTEMP 1
| #define HAVE_SECURE_GETENV 1
| #define HAVE_STRERROR 1
| #define HAVE_REALPATH 1
| #define HAVE_ZLIB_H 1
| /* end confdefs.h.  */
| 
| #ifdef HAVE_BZLIB_H
| #include <bzlib.h>
| #endif
| int
| main (void)
| {
| return (int)BZ2_bzopen("conftest", "rb");
|   ;
|   return 0;
| }
configure:15162: result: no
configure:15739: checking for the pthreads library -lpthreads
configure:15777: cc -o conftest -g -pipe    conftest.c -lpthreads  >&5
/usr/bin/ld: cannot find -lpthreads: No such file or directory
collect2: error: ld returned 1 exit status
configure:15777: $? = 1
configure: failed program was:
| /* confdefs.h */
| #define PACKAGE_NAME "PCRE2"
| #define PACKAGE_TARNAME "pcre2"
| #define PACKAGE_VERSION "10.45"
| #define PACKAGE_STRING "PCRE2 10.45"
| #define PACKAGE_BUGREPORT ""
| #define PACKAGE_URL ""
| #define PACKAGE "pcre2"
| #define VERSION "10.45"
| #define HAVE_STDIO_H 1
| #define HAVE_STDLIB_H 1
| #define HAVE_STRING_H 1
| #define HAVE_INTTYPES_H 1
| #define HAVE_STDINT_H 1
| #define HAVE_STRINGS_H 1
| #define HAVE_SYS_STAT_H 1
| #define HAVE_SYS_TYPES_H 1
| #define HAVE_UNISTD_H 1
| #define HAVE_WCHAR_H 1
| #define STDC_HEADERS 1
| #define _ALL_SOURCE 1
| #define _DARWIN_C_SOURCE 1
| #define _GNU_SOURCE 1
| #define _HPUX_ALT_XOPEN_SOCKET_API 1
| #define _NETBSD_SOURCE 1
| #define _OPENBSD_SOURCE 1
| #define _POSIX_PTHREAD_SEMANTICS 1
| #define __STDC_WANT_IEC_60559_ATTRIBS_EXT__ 1
| #define __STDC_WANT_IEC_60559_BFP_EXT__ 1
| #define __STDC_WANT_IEC_60559_DFP_EXT__ 1
| #define __STDC_WANT_IEC_60559_FUNCS_EXT__ 1
| #define __STDC_WANT_IEC_60559_TYPES_EXT__ 1
| #define __STDC_WANT_LIB_EXT2__ 1
| #define __STDC_WANT_MATH_SPEC_FUNCS__ 1
| #define _TANDEM_SOURCE 1
| #define __EXTENSIONS__ 1
| #define HAVE_DLFCN_H 1
| #define LT_OBJDIR ".libs/"
| #define PCRE2_EXPORT __attribute__ ((visibility ("default")))
| #define HAVE_VISIBILITY 1
| #define HAVE_BUILTIN_MUL_OVERFLOW 1
| #define HAVE_BUILTIN_UNREACHABLE 1
| #define HAVE_ASSERT_H 1
| #define HAVE_LIMITS_H 1
| #define HAVE_SYS_TYPES_H 1
| #define HAVE_SYS_STAT_H 1
| #define HAVE_DIRENT_H 1
| #define HAVE_SYS_WAIT_H 1
| #define HAVE_BCOPY 1
| #define HAVE_MEMFD_CREATE 1
| #define HAVE_MEMMOVE 1
| #define HAVE_MKOSTEMP 1
| #define HAVE_SECURE_GETENV 1
| #define HAVE_STRERROR 1
| #define HAVE_REALPATH 1
| #define HAVE_ZLIB_H 1
| #define PCRE2_STATIC 1
| #define SUPPORT_PCRE2_8 /**/
| /* end confdefs.h.  */
| #include <pthread.h>
|                         static void routine(void *a) { a = 0; }
|                         static void *start_routine(void *a) { return a; }
| int
| main (void)
| {
| pthread_t th; pthread_attr_t attr;
|                         pthread_create(&th, 0, start_routine, 0);
|                         pthread_join(th, 0);
|                         pthread_attr_init(&attr);
|                         pthread_cleanup_push(routine, 0);
|                         pthread_cleanup_pop(0) /* ; */
|   ;
|   return 0;
| }
configure:15787: result: no
configure:15679: checking whether pthreads work without any flags
configure:15777: cc -o conftest -g -pipe    conftest.c   >&5
configure:15777: $? = 0
configure:15787: result: yes
configure:15806: checking for joinable pthread attribute
configure:15821: cc -o conftest -g -pipe    conftest.c   >&5
configure:15821: $? = 0
configure:15828: result: PTHREAD_CREATE_JOINABLE
configure:15836: checking if more special flags are required for pthreads
configure:15850: result: no
configure:15856: checking for PTHREAD_PRIO_INHERIT
configure:15875: cc -o conftest -g -pipe    conftest.c   >&5
configure:15875: $? = 0
configure:15885: result: yes
configure:16663: checking whether Intel CET is enabled
configure:16684: cc -c  -g -pipe  conftest.c >&5
configure:16684: $? = 0
configure:16691: result: yes
configure:16823: checking that generated files are newer than configure
configure:16829: result: done
configure:16896: creating ./config.status

## ---------------------- ##
## Running config.status. ##
## ---------------------- ##

This file was extended by PCRE2 config.status 10.45, which was
generated by GNU Autoconf 2.71.  Invocation command line was

  CONFIG_FILES    = 
  CONFIG_HEADERS  = 
  CONFIG_LINKS    = 
  CONFIG_COMMANDS = 
  $ ./config.status 

on devops

config.status:1206: creating Makefile
config.status:1206: creating libpcre2-8.pc
config.status:1206: creating libpcre2-16.pc
config.status:1206: creating libpcre2-32.pc
config.status:1206: creating libpcre2-posix.pc
config.status:1206: creating pcre2-config
config.status:1206: creating src/pcre2.h
config.status:1206: creating src/config.h
config.status:1435: executing depfiles commands
config.status:1512: cd .       && sed -e '/# am--include-marker/d' Makefile         | make -f - am--depfiles
make[3]: Entering directory '/root/openresty-build/sources/pcre2-10.45'
make[3]: Leaving directory '/root/openresty-build/sources/pcre2-10.45'
config.status:1517: $? = 0
config.status:1435: executing libtool commands
config.status:1435: executing script-chmod commands
config.status:1435: executing delete-old-chartables commands

## ---------------- ##
## Cache variables. ##
## ---------------- ##

ac_cv_build=x86_64-pc-linux-gnu
ac_cv_c_compiler_gnu=yes
ac_cv_c_const=yes
ac_cv_c_int64_t=yes
ac_cv_env_CC_set=set
ac_cv_env_CC_value=cc
ac_cv_env_CFLAGS_set=set
ac_cv_env_CFLAGS_value='-g -pipe'
ac_cv_env_CPPFLAGS_set=
ac_cv_env_CPPFLAGS_value=
ac_cv_env_GENHTML_set=
ac_cv_env_GENHTML_value=
ac_cv_env_LCOV_set=
ac_cv_env_LCOV_value=
ac_cv_env_LDFLAGS_set=
ac_cv_env_LDFLAGS_value=
ac_cv_env_LIBS_set=
ac_cv_env_LIBS_value=
ac_cv_env_LT_SYS_LIBRARY_PATH_set=
ac_cv_env_LT_SYS_LIBRARY_PATH_value=
ac_cv_env_PKG_CONFIG_LIBDIR_set=
ac_cv_env_PKG_CONFIG_LIBDIR_value=
ac_cv_env_PKG_CONFIG_PATH_set=
ac_cv_env_PKG_CONFIG_PATH_value=
ac_cv_env_PKG_CONFIG_set=
ac_cv_env_PKG_CONFIG_value=
ac_cv_env_VALGRIND_CFLAGS_set=
ac_cv_env_VALGRIND_CFLAGS_value=
ac_cv_env_VALGRIND_LIBS_set=
ac_cv_env_VALGRIND_LIBS_value=
ac_cv_env_build_alias_set=
ac_cv_env_build_alias_value=
ac_cv_env_host_alias_set=
ac_cv_env_host_alias_value=
ac_cv_env_target_alias_set=
ac_cv_env_target_alias_value=
ac_cv_func_bcopy=yes
ac_cv_func_memfd_create=yes
ac_cv_func_memmove=yes
ac_cv_func_mkostemp=yes
ac_cv_func_secure_getenv=yes
ac_cv_func_strerror=yes
ac_cv_header_assert_h=yes
ac_cv_header_bzlib_h=no
ac_cv_header_dirent_h=yes
ac_cv_header_dlfcn_h=yes
ac_cv_header_inttypes_h=yes
ac_cv_header_limits_h=yes
ac_cv_header_minix_config_h=no
ac_cv_header_stdint_h=yes
ac_cv_header_stdio_h=yes
ac_cv_header_stdlib_h=yes
ac_cv_header_string_h=yes
ac_cv_header_strings_h=yes
ac_cv_header_sys_stat_h=yes
ac_cv_header_sys_types_h=yes
ac_cv_header_sys_wait_h=yes
ac_cv_header_unistd_h=yes
ac_cv_header_wchar_h=yes
ac_cv_header_windows_h=no
ac_cv_header_zlib_h=yes
ac_cv_host=x86_64-pc-linux-gnu
ac_cv_lib_z_gzopen=yes
ac_cv_objext=o
ac_cv_path_EGREP='/usr/bin/grep -E'
ac_cv_path_FGREP='/usr/bin/grep -F'
ac_cv_path_GREP=/usr/bin/grep
ac_cv_path_SED=/usr/bin/sed
ac_cv_path_install='/usr/bin/install -c'
ac_cv_path_lt_DD=/usr/bin/dd
ac_cv_path_mkdir=/usr/bin/mkdir
ac_cv_prog_AWK=gawk
ac_cv_prog_ac_ct_AR=ar
ac_cv_prog_ac_ct_CC=cc
ac_cv_prog_ac_ct_MANIFEST_TOOL=mt
ac_cv_prog_ac_ct_OBJDUMP=objdump
ac_cv_prog_ac_ct_RANLIB=ranlib
ac_cv_prog_ac_ct_STRIP=strip
ac_cv_prog_cc_c11=
ac_cv_prog_cc_g=yes
ac_cv_prog_cc_stdc=
ac_cv_prog_make_make_set=yes
ac_cv_safe_to_define___extensions__=yes
ac_cv_should_define__xopen_source=no
ac_cv_sys_file_offset_bits=no
ac_cv_sys_largefile_CC=no
ac_cv_type_size_t=yes
am_cv_CC_dependencies_compiler_type=gcc3
am_cv_ar_interface=ar
am_cv_make_support_nested_variables=yes
am_cv_prog_cc_c_o=yes
ax_cv_PTHREAD_PRIO_INHERIT=yes
lt_cv_ar_at_file=@
lt_cv_deplibs_check_method=pass_all
lt_cv_file_magic_cmd='$MAGIC_CMD'
lt_cv_file_magic_test_file=
lt_cv_ld_reload_flag=-r
lt_cv_nm_interface='BSD nm'
lt_cv_objdir=.libs
lt_cv_path_LD=/usr/bin/ld
lt_cv_path_NM='/usr/bin/nm -B'
lt_cv_path_mainfest_tool=no
lt_cv_prog_compiler_c_o=yes
lt_cv_prog_compiler_pic='-fPIC -DPIC'
lt_cv_prog_compiler_pic_works=yes
lt_cv_prog_compiler_rtti_exceptions=no
lt_cv_prog_compiler_static_works=yes
lt_cv_prog_gnu_ld=yes
lt_cv_sharedlib_from_linklib_cmd='printf %s\n'
lt_cv_shlibpath_overrides_runpath=yes
lt_cv_sys_global_symbol_pipe='/usr/bin/sed -n -e '\''s/^.*[	 ]\([ABCDGIRSTW][ABCDGIRSTW]*\)[	 ][	 ]*\([_A-Za-z][_A-Za-z0-9]*\)$/\1 \2 \2/p'\'' | /usr/bin/sed '\''/ __gnu_lto/d'\'''
lt_cv_sys_global_symbol_to_c_name_address='/usr/bin/sed -n -e '\''s/^: \(.*\) .*$/  {"\1", (void *) 0},/p'\'' -e '\''s/^[ABCDGIRSTW][ABCDGIRSTW]* .* \(.*\)$/  {"\1", (void *) \&\1},/p'\'''
lt_cv_sys_global_symbol_to_c_name_address_lib_prefix='/usr/bin/sed -n -e '\''s/^: \(.*\) .*$/  {"\1", (void *) 0},/p'\'' -e '\''s/^[ABCDGIRSTW][ABCDGIRSTW]* .* \(lib.*\)$/  {"\1", (void *) \&\1},/p'\'' -e '\''s/^[ABCDGIRSTW][ABCDGIRSTW]* .* \(.*\)$/  {"lib\1", (void *) \&\1},/p'\'''
lt_cv_sys_global_symbol_to_cdecl='/usr/bin/sed -n -e '\''s/^T .* \(.*\)$/extern int \1();/p'\'' -e '\''s/^[ABCDGIRSTW][ABCDGIRSTW]* .* \(.*\)$/extern char \1;/p'\'''
lt_cv_sys_global_symbol_to_import=
lt_cv_sys_max_cmd_len=1572864
lt_cv_to_host_file_cmd=func_convert_file_noop
lt_cv_to_tool_file_cmd=func_convert_file_noop
lt_cv_truncate_bin='/usr/bin/dd bs=4096 count=1'
pcre2_cc_cv_attribute_uninitialized=no
pcre2_cc_cv_builtin_assume=no
pcre2_cc_cv_builtin_mul_overflow=yes
pcre2_cc_cv_builtin_unreachable=yes
pcre2_cc_cv_intel_cet_enabled=yes
pcre2_cv_cc_vis_werror=yes
pcre2_cv_cc_visibility=yes

## ----------------- ##
## Output variables. ##
## ----------------- ##

ACLOCAL='${SHELL} '\''/root/openresty-build/sources/pcre2-10.45/missing'\'' aclocal-1.16'
AMDEPBACKSLASH='\'
AMDEP_FALSE='#'
AMDEP_TRUE=''
AMTAR='$${TAR-tar}'
AM_BACKSLASH='\'
AM_DEFAULT_V='$(AM_DEFAULT_VERBOSITY)'
AM_DEFAULT_VERBOSITY='0'
AM_V='$(V)'
AR='ar'
AS='as'
AUTOCONF='${SHELL} '\''/root/openresty-build/sources/pcre2-10.45/missing'\'' autoconf'
AUTOHEADER='${SHELL} '\''/root/openresty-build/sources/pcre2-10.45/missing'\'' autoheader'
AUTOMAKE='${SHELL} '\''/root/openresty-build/sources/pcre2-10.45/missing'\'' automake-1.16'
AWK='gawk'
CC='cc'
CCDEPMODE='depmode=gcc3'
CET_CFLAGS='-mshstk'
CFLAGS=' -g -pipe'
CPPFLAGS=''
CSCOPE='cscope'
CTAGS='ctags'
CYGPATH_W='echo'
DEFS='-DHAVE_CONFIG_H'
DEPDIR='.deps'
DISTCHECK_CONFIGURE_FLAGS='CFLAGS='\'''\'' CXXFLAGS='\'''\'' --enable-pcre2-16 --enable-pcre2-32 --enable-jit'
DLLTOOL='false'
DSYMUTIL=''
DUMPBIN=''
ECHO_C=''
ECHO_N='-n'
ECHO_T=''
EGREP='/usr/bin/grep -E'
ETAGS='etags'
EXEEXT=''
EXTRA_LIBPCRE2_16_LDFLAGS='    -version-info 14:0:14'
EXTRA_LIBPCRE2_32_LDFLAGS='    -version-info 14:0:14'
EXTRA_LIBPCRE2_8_LDFLAGS='    -version-info 14:0:14'
EXTRA_LIBPCRE2_POSIX_LDFLAGS='    -version-info 3:6:0'
FGREP='/usr/bin/grep -F'
FILECMD=':'
GCOV_CFLAGS=''
GCOV_CXXFLAGS=''
GCOV_LIBS=''
GENHTML=''
GREP='/usr/bin/grep'
HAVE_VISIBILITY='1'
INSTALL_DATA='${INSTALL} -m 644'
INSTALL_PROGRAM='${INSTALL}'
INSTALL_SCRIPT='${INSTALL}'
INSTALL_STRIP_PROGRAM='$(install_sh) -c -s'
LCOV=''
LD='/usr/bin/ld'
LDFLAGS=''
LIBBZ2=''
LIBOBJS=''
LIBREADLINE=''
LIBS=' '
LIBTOOL='$(SHELL) $(top_builddir)/libtool'
LIBZ=''
LIB_POSTFIX=''
LIPO=''
LN_S='ln -s'
LTLIBOBJS=''
LT_SYS_LIBRARY_PATH=''
MAINT='#'
MAINTAINER_MODE_FALSE=''
MAINTAINER_MODE_TRUE='#'
MAKEINFO='${SHELL} '\''/root/openresty-build/sources/pcre2-10.45/missing'\'' makeinfo'
MANIFEST_TOOL=':'
MKDIR_P='/usr/bin/mkdir -p'
NM='/usr/bin/nm -B'
NMEDIT=''
OBJDUMP='objdump'
OBJEXT='o'
OTOOL64=''
OTOOL=''
PACKAGE='pcre2'
PACKAGE_BUGREPORT=''
PACKAGE_NAME='PCRE2'
PACKAGE_STRING='PCRE2 10.45'
PACKAGE_TARNAME='pcre2'
PACKAGE_URL=''
PACKAGE_VERSION='10.45'
PATH_SEPARATOR=':'
PCRE2POSIX_CFLAG=''
PCRE2_DATE='2025-02-05'
PCRE2_MAJOR='10'
PCRE2_MINOR='45'
PCRE2_PRERELEASE=''
PCRE2_STATIC_CFLAG='-DPCRE2_STATIC'
PKG_CONFIG=''
PKG_CONFIG_LIBDIR=''
PKG_CONFIG_PATH=''
PTHREAD_CC='cc'
PTHREAD_CFLAGS=''
PTHREAD_LIBS=''
RANLIB='ranlib'
SED='/usr/bin/sed'
SET_MAKE=''
SHELL='/bin/bash'
SHTOOL=''
STRIP='strip'
VALGRIND_CFLAGS=''
VALGRIND_LIBS=''
VERSION='10.45'
VISIBILITY_CFLAGS='-fvisibility=hidden'
WITH_DIFF_FUZZ_SUPPORT_FALSE=''
WITH_DIFF_FUZZ_SUPPORT_TRUE='#'
WITH_FUZZ_SUPPORT_FALSE=''
WITH_FUZZ_SUPPORT_TRUE='#'
WITH_GCOV_FALSE=''
WITH_GCOV_TRUE='#'
WITH_JIT_FALSE='#'
WITH_JIT_TRUE=''
WITH_PCRE2_16_FALSE=''
WITH_PCRE2_16_TRUE='#'
WITH_PCRE2_32_FALSE=''
WITH_PCRE2_32_TRUE='#'
WITH_PCRE2_8_FALSE='#'
WITH_PCRE2_8_TRUE=''
WITH_REBUILD_CHARTABLES_FALSE=''
WITH_REBUILD_CHARTABLES_TRUE='#'
WITH_UNICODE_FALSE='#'
WITH_UNICODE_TRUE=''
WITH_VALGRIND_FALSE=''
WITH_VALGRIND_TRUE='#'
ac_ct_AR='ar'
ac_ct_CC='cc'
ac_ct_DUMPBIN=''
am__EXEEXT_FALSE=''
am__EXEEXT_TRUE='#'
am__fastdepCC_FALSE='#'
am__fastdepCC_TRUE=''
am__include='include'
am__isrc=''
am__leading_dot='.'
am__nodep='_no'
am__quote=''
am__tar='$${TAR-tar} chof - "$$tardir"'
am__untar='$${TAR-tar} xf -'
ax_pthread_config=''
bindir='${exec_prefix}/bin'
build='x86_64-pc-linux-gnu'
build_alias=''
build_cpu='x86_64'
build_os='linux-gnu'
build_vendor='pc'
datadir='${datarootdir}'
datarootdir='${prefix}/share'
docdir='${datarootdir}/doc/${PACKAGE_TARNAME}'
dvidir='${docdir}'
enable_pcre2_16='no'
enable_pcre2_32='no'
enable_pcre2_8='yes'
exec_prefix='${prefix}'
host='x86_64-pc-linux-gnu'
host_alias=''
host_cpu='x86_64'
host_os='linux-gnu'
host_vendor='pc'
htmldir='${docdir}/html'
includedir='${prefix}/include'
infodir='${datarootdir}/info'
install_sh='${SHELL} /root/openresty-build/sources/pcre2-10.45/install-sh'
libdir='${exec_prefix}/lib'
libexecdir='${exec_prefix}/libexec'
localedir='${datarootdir}/locale'
localstatedir='${prefix}/var'
mandir='${datarootdir}/man'
mkdir_p='$(MKDIR_P)'
oldincludedir='/usr/include'
pdfdir='${docdir}'
prefix='/usr/local'
program_transform_name='s,x,x,'
psdir='${docdir}'
runstatedir='${localstatedir}/run'
sbindir='${exec_prefix}/sbin'
sharedstatedir='${prefix}/com'
sysconfdir='${prefix}/etc'
target_alias=''

## ----------- ##
## confdefs.h. ##
## ----------- ##

/* confdefs.h */
#define PACKAGE_NAME "PCRE2"
#define PACKAGE_TARNAME "pcre2"
#define PACKAGE_VERSION "10.45"
#define PACKAGE_STRING "PCRE2 10.45"
#define PACKAGE_BUGREPORT ""
#define PACKAGE_URL ""
#define PACKAGE "pcre2"
#define VERSION "10.45"
#define HAVE_STDIO_H 1
#define HAVE_STDLIB_H 1
#define HAVE_STRING_H 1
#define HAVE_INTTYPES_H 1
#define HAVE_STDINT_H 1
#define HAVE_STRINGS_H 1
#define HAVE_SYS_STAT_H 1
#define HAVE_SYS_TYPES_H 1
#define HAVE_UNISTD_H 1
#define HAVE_WCHAR_H 1
#define STDC_HEADERS 1
#define _ALL_SOURCE 1
#define _DARWIN_C_SOURCE 1
#define _GNU_SOURCE 1
#define _HPUX_ALT_XOPEN_SOCKET_API 1
#define _NETBSD_SOURCE 1
#define _OPENBSD_SOURCE 1
#define _POSIX_PTHREAD_SEMANTICS 1
#define __STDC_WANT_IEC_60559_ATTRIBS_EXT__ 1
#define __STDC_WANT_IEC_60559_BFP_EXT__ 1
#define __STDC_WANT_IEC_60559_DFP_EXT__ 1
#define __STDC_WANT_IEC_60559_FUNCS_EXT__ 1
#define __STDC_WANT_IEC_60559_TYPES_EXT__ 1
#define __STDC_WANT_LIB_EXT2__ 1
#define __STDC_WANT_MATH_SPEC_FUNCS__ 1
#define _TANDEM_SOURCE 1
#define __EXTENSIONS__ 1
#define HAVE_DLFCN_H 1
#define LT_OBJDIR ".libs/"
#define PCRE2_EXPORT __attribute__ ((visibility ("default")))
#define HAVE_VISIBILITY 1
#define HAVE_BUILTIN_MUL_OVERFLOW 1
#define HAVE_BUILTIN_UNREACHABLE 1
#define HAVE_ASSERT_H 1
#define HAVE_LIMITS_H 1
#define HAVE_SYS_TYPES_H 1
#define HAVE_SYS_STAT_H 1
#define HAVE_DIRENT_H 1
#define HAVE_SYS_WAIT_H 1
#define HAVE_BCOPY 1
#define HAVE_MEMFD_CREATE 1
#define HAVE_MEMMOVE 1
#define HAVE_MKOSTEMP 1
#define HAVE_SECURE_GETENV 1
#define HAVE_STRERROR 1
#define HAVE_REALPATH 1
#define HAVE_ZLIB_H 1
#define PCRE2_STATIC 1
#define SUPPORT_PCRE2_8 /**/
#define HAVE_PTHREAD_PRIO_INHERIT 1
#define HAVE_PTHREAD 1
#define SUPPORT_JIT /**/
#define SUPPORT_PCRE2GREP_JIT /**/
#define SUPPORT_PCRE2GREP_CALLOUT_FORK /**/
#define SUPPORT_PCRE2GREP_CALLOUT /**/
#define SUPPORT_UNICODE /**/
#define PCRE2GREP_BUFSIZE 20480
#define PCRE2GREP_MAX_BUFSIZE 1048576
#define NEWLINE_DEFAULT 2
#define LINK_SIZE 2
#define MAX_VARLOOKBEHIND 255
#define PARENS_NEST_LIMIT 250
#define MATCH_LIMIT 10000000
#define MATCH_LIMIT_DEPTH MATCH_LIMIT
#define HEAP_LIMIT 20000000
#define MAX_NAME_SIZE 128
#define MAX_NAME_COUNT 10000

configure: exit 0
